\BOOKMARK [1][-]{section*.1}{\376\377\000A\000c\000k\000n\000o\000w\000l\000e\000d\000g\000m\000e\000n\000t\000s}{}% 1
\BOOKMARK [1][-]{section*.2}{\376\377\000R\000e\000s\000u\000m\000o}{}% 2
\BOOKMARK [1][-]{section*.3}{\376\377\000A\000b\000s\000t\000r\000a\000c\000t}{}% 3
\BOOKMARK [1][-]{section*.5}{\376\377\000L\000i\000s\000t\000\040\000o\000f\000\040\000T\000a\000b\000l\000e\000s}{}% 4
\BOOKMARK [1][-]{section*.7}{\376\377\000L\000i\000s\000t\000\040\000o\000f\000\040\000F\000i\000g\000u\000r\000e\000s}{}% 5
\BOOKMARK [1][-]{section*.9}{\376\377\000G\000l\000o\000s\000s\000a\000r\000y}{}% 6
\BOOKMARK [0][-]{chapter.1}{\376\377\0001\000\040\000B\000a\000c\000k\000g\000r\000o\000u\000n\000d}{}% 7
\BOOKMARK [1][-]{section.1.1}{\376\377\0001\000.\0001\000\040\000E\000l\000e\000c\000t\000r\000o\000e\000n\000c\000e\000p\000h\000a\000l\000o\000g\000r\000a\000p\000h\000y}{chapter.1}% 8
\BOOKMARK [2][-]{subsection.1.1.1}{\376\377\0001\000.\0001\000.\0001\000\040\000P\000h\000y\000s\000i\000o\000l\000o\000g\000i\000c\000a\000l\000\040\000U\000n\000d\000e\000r\000p\000i\000n\000n\000i\000n\000g\000s\000\040\000o\000f\000\040\000E\000E\000G}{section.1.1}% 9
\BOOKMARK [2][-]{subsection.1.1.2}{\376\377\0001\000.\0001\000.\0002\000\040\000D\000i\000p\000o\000l\000e\000\040\000T\000h\000e\000o\000r\000y}{section.1.1}% 10
\BOOKMARK [1][-]{section.1.2}{\376\377\0001\000.\0002\000\040\000E\000v\000e\000n\000t\000-\000r\000e\000l\000a\000t\000e\000d\000\040\000p\000o\000t\000e\000n\000t\000i\000a\000l\000s}{chapter.1}% 11
\BOOKMARK [2][-]{subsection.1.2.1}{\376\377\0001\000.\0002\000.\0001\000\040\000H\000i\000s\000t\000o\000r\000i\000c\000a\000l\000\040\000f\000o\000u\000n\000d\000a\000t\000i\000o\000n\000s}{section.1.2}% 12
\BOOKMARK [2][-]{subsection.1.2.2}{\376\377\0001\000.\0002\000.\0002\000\040\000E\000R\000P\000\040\000c\000o\000m\000p\000o\000n\000e\000n\000t\000s}{section.1.2}% 13
\BOOKMARK [2][-]{subsection.1.2.3}{\376\377\0001\000.\0002\000.\0003\000\040\000E\000R\000P\000\040\000c\000o\000n\000s\000i\000d\000e\000r\000a\000t\000i\000o\000n\000s}{section.1.2}% 14
\BOOKMARK [1][-]{section.1.3}{\376\377\0001\000.\0003\000\040\000E\000l\000e\000c\000t\000r\000i\000c\000a\000l\000\040\000S\000o\000u\000r\000c\000e\000\040\000I\000m\000a\000g\000i\000n\000g}{chapter.1}% 15
\BOOKMARK [2][-]{subsection.1.3.1}{\376\377\0001\000.\0003\000.\0001\000\040\000E\000E\000G\000\040\000a\000s\000\040\000b\000r\000a\000i\000n\000\040\000i\000m\000a\000g\000i\000n\000g}{section.1.3}% 16
\BOOKMARK [2][-]{subsection.1.3.2}{\376\377\0001\000.\0003\000.\0002\000\040\000H\000e\000a\000d\000\040\000M\000o\000d\000e\000l\000\040\000C\000r\000e\000a\000t\000i\000o\000n}{section.1.3}% 17
\BOOKMARK [2][-]{subsection.1.3.3}{\376\377\0001\000.\0003\000.\0003\000\040\000A\000l\000g\000o\000r\000i\000t\000h\000m\000s}{section.1.3}% 18
\BOOKMARK [2][-]{subsection.1.3.4}{\376\377\0001\000.\0003\000.\0004\000\040\000I\000m\000p\000l\000e\000m\000e\000n\000t\000a\000t\000i\000o\000n\000\040\000S\000o\000f\000t\000w\000a\000r\000e}{section.1.3}% 19
\BOOKMARK [0][-]{chapter.2}{\376\377\0002\000\040\000I\000n\000t\000r\000o\000d\000u\000c\000t\000i\000o\000n}{}% 20
\BOOKMARK [1][-]{section.2.1}{\376\377\0002\000.\0001\000\040\000N\000e\000u\000r\000o\000u\000r\000b\000a\000n\000i\000s\000m}{chapter.2}% 21
\BOOKMARK [2][-]{subsection.2.1.1}{\376\377\0002\000.\0001\000.\0001\000\040\000I\000n\000c\000r\000e\000a\000s\000i\000n\000g\000\040\000U\000r\000b\000a\000n\000i\000z\000a\000t\000i\000o\000n}{section.2.1}% 22
\BOOKMARK [2][-]{subsection.2.1.2}{\376\377\0002\000.\0001\000.\0002\000\040\000E\000m\000o\000t\000i\000o\000n\000s\000\040\000i\000n\000\040\000u\000r\000b\000a\000n\000i\000s\000m}{section.2.1}% 23
\BOOKMARK [2][-]{subsection.2.1.3}{\376\377\0002\000.\0001\000.\0003\000\040\000N\000e\000u\000r\000o\000s\000c\000i\000e\000n\000c\000e\000\040\000o\000f\000\040\000N\000e\000u\000r\000o\000u\000r\000b\000a\000n\000i\000s\000m}{section.2.1}% 24
\BOOKMARK [1][-]{section.2.2}{\376\377\0002\000.\0002\000\040\000E\000l\000e\000c\000t\000r\000o\000p\000h\000y\000s\000i\000o\000l\000o\000g\000y\000\040\000o\000f\000\040\000E\000m\000o\000t\000i\000o\000n\000s}{chapter.2}% 25
\BOOKMARK [2][-]{subsection.2.2.1}{\376\377\0002\000.\0002\000.\0001\000\040\000E\000E\000G\000\040\000f\000e\000a\000t\000u\000r\000e\000s}{section.2.2}% 26
\BOOKMARK [2][-]{subsection.2.2.2}{\376\377\0002\000.\0002\000.\0002\000\040\000E\000R\000P\000\040\000s\000t\000u\000d\000i\000e\000s}{section.2.2}% 27
\BOOKMARK [2][-]{subsection.2.2.3}{\376\377\0002\000.\0002\000.\0003\000\040\000E\000R\000P\000\040\000s\000o\000u\000r\000c\000e\000\040\000l\000o\000c\000a\000l\000i\000z\000a\000t\000i\000o\000n}{section.2.2}% 28
\BOOKMARK [1][-]{section.2.3}{\376\377\0002\000.\0003\000\040\000O\000b\000j\000e\000c\000t\000i\000v\000e\000s}{chapter.2}% 29
\BOOKMARK [2][-]{subsection.2.3.1}{\376\377\0002\000.\0003\000.\0001\000\040\000G\000e\000n\000e\000r\000a\000l\000\040\000O\000b\000j\000e\000c\000t\000i\000v\000e\000s}{section.2.3}% 30
\BOOKMARK [2][-]{subsection.2.3.2}{\376\377\0002\000.\0003\000.\0002\000\040\000S\000p\000e\000c\000i\000f\000i\000c\000\040\000O\000b\000j\000e\000c\000t\000i\000v\000e\000s}{section.2.3}% 31
\BOOKMARK [0][-]{chapter.3}{\376\377\0003\000\040\000M\000a\000t\000e\000r\000i\000a\000l\000s\000\040\000a\000n\000d\000\040\000M\000e\000t\000h\000o\000d\000o\000l\000o\000g\000y}{}% 32
\BOOKMARK [1][-]{section.3.1}{\376\377\0003\000.\0001\000\040\000S\000u\000b\000j\000e\000c\000t\000s}{chapter.3}% 33
\BOOKMARK [2][-]{subsection.3.1.1}{\376\377\0003\000.\0001\000.\0001\000\040\000P\000s\000y\000c\000h\000o\000l\000o\000g\000i\000c\000a\000l\000\040\000A\000s\000s\000e\000s\000s\000m\000e\000n\000t\000s\000\040\000a\000n\000d\000\040\000P\000a\000r\000t\000i\000c\000i\000p\000a\000n\000t\000\040\000C\000h\000a\000r\000a\000c\000t\000e\000r\000i\000s\000t\000i\000c\000s}{section.3.1}% 34
\BOOKMARK [1][-]{section.3.2}{\376\377\0003\000.\0002\000\040\000D\000a\000t\000a\000\040\000A\000c\000q\000u\000i\000s\000i\000t\000i\000o\000n\000\040\000S\000y\000s\000t\000e\000m\000s}{chapter.3}% 35
\BOOKMARK [2][-]{subsection.3.2.1}{\376\377\0003\000.\0002\000.\0001\000\040\000S\000t\000i\000m\000u\000l\000i}{section.3.2}% 36
\BOOKMARK [2][-]{subsection.3.2.2}{\376\377\0003\000.\0002\000.\0002\000\040\000P\000h\000y\000s\000i\000o\000l\000o\000g\000i\000c\000a\000l\000\040\000M\000e\000a\000s\000u\000r\000e\000m\000e\000n\000t\000s}{section.3.2}% 37
\BOOKMARK [2][-]{subsection.3.2.3}{\376\377\0003\000.\0002\000.\0003\000\040\000E\000y\000e\000-\000t\000r\000a\000c\000k\000e\000r}{section.3.2}% 38
\BOOKMARK [2][-]{subsection.3.2.4}{\376\377\0003\000.\0002\000.\0004\000\040\000S\000t\000r\000u\000c\000t\000u\000r\000a\000l\000\040\000M\000R\000I}{section.3.2}% 39
\BOOKMARK [2][-]{subsection.3.2.5}{\376\377\0003\000.\0002\000.\0005\000\040\000E\000E\000G\000\040\000R\000e\000c\000o\000r\000d\000i\000n\000g}{section.3.2}% 40
\BOOKMARK [2][-]{subsection.3.2.6}{\376\377\0003\000.\0002\000.\0006\000\040\000E\000l\000e\000c\000t\000r\000o\000d\000e\000\040\000D\000i\000g\000i\000t\000i\000z\000a\000t\000i\000o\000n}{section.3.2}% 41
\BOOKMARK [1][-]{section.3.3}{\376\377\0003\000.\0003\000\040\000S\000e\000t\000u\000p}{chapter.3}% 42
\BOOKMARK [1][-]{section.3.4}{\376\377\0003\000.\0004\000\040\000E\000x\000p\000e\000r\000i\000m\000e\000n\000t\000a\000l\000\040\000P\000r\000o\000t\000o\000c\000o\000l}{chapter.3}% 43
\BOOKMARK [2][-]{subsection.3.4.1}{\376\377\0003\000.\0004\000.\0001\000\040\000T\000a\000s\000k\000\040\000I\000m\000p\000l\000e\000m\000e\000n\000t\000a\000t\000i\000o\000n\000\040\000S\000o\000f\000t\000w\000a\000r\000e}{section.3.4}% 44
\BOOKMARK [2][-]{subsection.3.4.2}{\376\377\0003\000.\0004\000.\0002\000\040\000T\000a\000s\000k\000\040\000D\000e\000s\000c\000r\000i\000p\000t\000i\000o\000n}{section.3.4}% 45
\BOOKMARK [1][-]{section.3.5}{\376\377\0003\000.\0005\000\040\000B\000e\000h\000a\000v\000i\000o\000r\000a\000l\000\040\000D\000a\000t\000a\000\040\000A\000n\000a\000l\000y\000s\000i\000s}{chapter.3}% 46
\BOOKMARK [1][-]{section.3.6}{\376\377\0003\000.\0006\000\040\000E\000E\000G\000\040\000d\000a\000t\000a\000\040\000A\000n\000a\000l\000y\000s\000i\000s}{chapter.3}% 47
\BOOKMARK [2][-]{subsection.3.6.1}{\376\377\0003\000.\0006\000.\0001\000\040\000E\000E\000G\000\040\000p\000r\000e\000p\000r\000o\000c\000e\000s\000s\000i\000n\000g}{section.3.6}% 48
\BOOKMARK [2][-]{subsection.3.6.2}{\376\377\0003\000.\0006\000.\0002\000\040\000E\000v\000e\000n\000t\000-\000r\000e\000l\000a\000t\000e\000d\000\040\000P\000o\000t\000e\000n\000t\000i\000a\000l\000s}{section.3.6}% 49
\BOOKMARK [2][-]{subsection.3.6.3}{\376\377\0003\000.\0006\000.\0003\000\040\000S\000t\000a\000t\000i\000s\000t\000i\000c\000a\000l\000\040\000A\000n\000a\000l\000y\000s\000i\000s}{section.3.6}% 50
\BOOKMARK [1][-]{section.3.7}{\376\377\0003\000.\0007\000\040\000S\000o\000u\000r\000c\000e\000\040\000R\000e\000c\000o\000n\000s\000t\000r\000u\000c\000t\000i\000o\000n}{chapter.3}% 51
\BOOKMARK [2][-]{subsection.3.7.1}{\376\377\0003\000.\0007\000.\0001\000\040\000H\000e\000a\000d\000\040\000M\000o\000d\000e\000l\000\040\000C\000r\000e\000a\000t\000i\000o\000n}{section.3.7}% 52
\BOOKMARK [2][-]{subsection.3.7.2}{\376\377\0003\000.\0007\000.\0002\000\040\000E\000R\000P\000\040\000S\000o\000u\000r\000c\000e\000\040\000L\000o\000c\000a\000l\000i\000z\000a\000t\000i\000o\000n}{section.3.7}% 53
\BOOKMARK [0][-]{chapter.4}{\376\377\0004\000\040\000R\000e\000s\000u\000l\000t\000s}{}% 54
\BOOKMARK [1][-]{section.4.1}{\376\377\0004\000.\0001\000\040\000B\000e\000h\000a\000v\000i\000o\000r\000a\000l\000\040\000A\000n\000a\000l\000y\000s\000i\000s}{chapter.4}% 55
\BOOKMARK [1][-]{section.4.2}{\376\377\0004\000.\0002\000\040\000E\000R\000P\000\040\000a\000n\000a\000l\000y\000s\000i\000s}{chapter.4}% 56
\BOOKMARK [2][-]{subsection.4.2.1}{\376\377\0004\000.\0002\000.\0001\000\040\000G\000r\000a\000n\000d\000\040\000a\000v\000e\000r\000a\000g\000e\000\040\000E\000R\000P}{section.4.2}% 57
\BOOKMARK [2][-]{subsection.4.2.2}{\376\377\0004\000.\0002\000.\0002\000\040\000E\000P\000N\000\040\000a\000n\000d\000\040\000L\000P\000P\000\040\000m\000e\000t\000r\000i\000c\000s}{section.4.2}% 58
\BOOKMARK [1][-]{section.4.3}{\376\377\0004\000.\0003\000\040\000S\000o\000u\000r\000c\000e\000\040\000e\000s\000t\000i\000m\000a\000t\000i\000o\000n}{chapter.4}% 59
\BOOKMARK [0][-]{chapter.5}{\376\377\0005\000\040\000D\000i\000s\000c\000u\000s\000s\000i\000o\000n}{}% 60
\BOOKMARK [1][-]{section.5.1}{\376\377\0005\000.\0001\000\040\000B\000e\000h\000a\000v\000i\000o\000r\000a\000l\000\040\000d\000a\000t\000a}{chapter.5}% 61
\BOOKMARK [1][-]{section.5.2}{\376\377\0005\000.\0002\000\040\000T\000a\000s\000k\000\040\000c\000o\000n\000s\000i\000d\000e\000r\000a\000t\000i\000o\000n\000s}{chapter.5}% 62
\BOOKMARK [1][-]{section.5.3}{\376\377\0005\000.\0003\000\040\000E\000R\000P\000\040\000r\000e\000s\000u\000l\000t\000s}{chapter.5}% 63
\BOOKMARK [1][-]{section.5.4}{\376\377\0005\000.\0004\000\040\000S\000o\000u\000r\000c\000e\000\040\000a\000n\000a\000l\000y\000s\000i\000s\000\040\000r\000e\000s\000u\000l\000t\000s}{chapter.5}% 64
\BOOKMARK [1][-]{section.5.5}{\376\377\0005\000.\0005\000\040\000F\000u\000t\000u\000r\000e\000\040\000W\000o\000r\000k}{chapter.5}% 65
\BOOKMARK [0][-]{chapter.6}{\376\377\0006\000\040\000C\000o\000n\000c\000l\000u\000s\000i\000o\000n}{}% 66
\BOOKMARK [0][-]{section*.49}{\376\377\000B\000i\000b\000l\000i\000o\000g\000r\000a\000p\000h\000y}{}% 67
\BOOKMARK [0][-]{appendix.A}{\376\377\000A\000\040\000D\000a\000t\000a\000s\000e\000t\000\040\000a\000n\000d\000\040\000C\000o\000d\000e}{}% 68
\BOOKMARK [1][-]{section.A.1}{\376\377\000A\000.\0001\000\040\000B\000I\000D\000S\000\040\000s\000t\000r\000u\000c\000t\000u\000r\000e}{appendix.A}% 69
\BOOKMARK [1][-]{section.A.2}{\376\377\000A\000.\0002\000\040\000P\000r\000o\000g\000r\000a\000m\000m\000i\000n\000g\000\040\000a\000n\000d\000\040\000S\000c\000r\000i\000p\000t\000s}{appendix.A}% 70
\BOOKMARK [0][-]{appendix.B}{\376\377\000B\000\040\000A\000n\000n\000e\000x\000e\000s}{}% 71
\BOOKMARK [1][-]{section.B.1}{\376\377\000B\000.\0001\000\040\000A\000u\000x\000i\000l\000i\000a\000r\000y\000\040\000D\000o\000c\000u\000m\000e\000n\000t\000s}{appendix.B}% 72
\BOOKMARK [2][-]{subsection.B.1.1}{\376\377\000B\000.\0001\000.\0001\000\040\000I\000n\000c\000l\000u\000s\000i\000o\000n\000\040\000a\000n\000d\000\040\000e\000x\000c\000l\000u\000s\000i\000o\000n\000\040\000c\000r\000i\000t\000e\000r\000i\000a}{section.B.1}% 73
